<?xml version="1.0" encoding="UTF-8"?>
<!-- Generated by org.testng.reporters.JUnitXMLReporter -->
<testsuite hostname="W7N21648" ignored="0" name="Validating User login" tests="6" failures="0" timestamp="2021-01-27T16:16:34 CET" time="27.896" errors="0">
  <testcase name="TC2" time="6.394" classname="TestCases.validateTitle"/>
  <testcase name="TC1" time="6.404" classname="TestCases.validateTitle"/>
  <testcase name="TC3" time="4.307" classname="TestCases.validateTitle"/>
  <testcase name="TC4" time="11.111" classname="TestCases.validateTitle"/>
  <testcase name="TC5" time="11.069" classname="TestCases.validateTitle"/>
  <testcase name="TC6" time="8.702" classname="TestCases.validateTitle"/>
</testsuite> <!-- Validating User login -->
